# JRE version: OpenJDK Runtime Environment Temurin-17.0.15+6 (17.0.15+6) (build 17.0.15+6)
# Java VM: OpenJDK 64-Bit Server VM Temurin-17.0.15+6 (17.0.15+6, mixed mode, sharing, tiered, compressed oops, compressed class ptrs, g1 gc, windows-amd64)
GC Precious Log:
 CPUs: 12 total, 12 available
 Memory: 16159M
 Large Page Support: Disabled
 NUMA Support: Disabled
 Compressed Oops: Enabled (Zero based)
 Heap Region Size: 4M
 Heap Min Capacity: 8M
 Heap Initial Capacity: 256M
 Heap Max Capacity: 8G
 Pre-touch: Disabled
 Parallel Workers: 10
 Concurrent Workers: 3
 Concurrent Refinement Workers: 10
 Periodic GC: Disabled
Heap:
 garbage-first heap   total 1081344K, used 473129K [0x0000000600000000, 0x0000000800000000)
  region size 4096K, 21 young (86016K), 9 survivors (36864K)
 Metaspace       used 191563K, committed 193152K, reserved 1245184K
  class space    used 24412K, committed 25152K, reserved 1048576K
GC Heap History (20 events):
Event: 402.093 GC heap before
{Heap before GC invocations=168 (full 0):
 garbage-first heap   total 1081344K, used 933158K [0x0000000600000000, 0x0000000800000000)
  region size 4096K, 146 young (598016K), 8 survivors (32768K)
 Metaspace       used 189835K, committed 191168K, reserved 1245184K
  class space    used 24234K, committed 24896K, reserved 1048576K
}
Event: 402.111 GC heap after
{Heap after GC invocations=169 (full 0):
 garbage-first heap   total 1081344K, used 362780K [0x0000000600000000, 0x0000000800000000)
  region size 4096K, 7 young (28672K), 7 survivors (28672K)
 Metaspace       used 189835K, committed 191168K, reserved 1245184K
  class space    used 24234K, committed 24896K, reserved 1048576K
}
Event: 412.566 GC heap before
{Heap before GC invocations=169 (full 0):
 garbage-first heap   total 1081344K, used 932124K [0x0000000600000000, 0x0000000800000000)
  region size 4096K, 147 young (602112K), 7 survivors (28672K)
 Metaspace       used 190342K, committed 191808K, reserved 1245184K
  class space    used 24278K, committed 24960K, reserved 1048576K
}
Event: 412.592 GC heap after
{Heap after GC invocations=170 (full 0):
 garbage-first heap   total 1081344K, used 381775K [0x0000000600000000, 0x0000000800000000)
  region size 4096K, 11 young (45056K), 11 survivors (45056K)
 Metaspace       used 190342K, committed 191808K, reserved 1245184K
  class space    used 24278K, committed 24960K, reserved 1048576K
}
Event: 414.561 GC heap before
{Heap before GC invocations=170 (full 0):
 garbage-first heap   total 1081344K, used 918351K [0x0000000600000000, 0x0000000800000000)
  region size 4096K, 143 young (585728K), 11 survivors (45056K)
 Metaspace       used 190346K, committed 191808K, reserved 1245184K
  class space    used 24278K, committed 24960K, reserved 1048576K
}
Event: 414.604 GC heap after
{Heap after GC invocations=171 (full 0):
 garbage-first heap   total 1081344K, used 398150K [0x0000000600000000, 0x0000000800000000)
  region size 4096K, 12 young (49152K), 12 survivors (49152K)
 Metaspace       used 190346K, committed 191808K, reserved 1245184K
  class space    used 24278K, committed 24960K, reserved 1048576K
}
Event: 416.148 GC heap before
{Heap before GC invocations=171 (full 0):
 garbage-first heap   total 1081344K, used 914246K [0x0000000600000000, 0x0000000800000000)
  region size 4096K, 139 young (569344K), 12 survivors (49152K)
 Metaspace       used 190346K, committed 191808K, reserved 1245184K
  class space    used 24278K, committed 24960K, reserved 1048576K
}
Event: 416.178 GC heap after
{Heap after GC invocations=172 (full 0):
 garbage-first heap   total 1081344K, used 405504K [0x0000000600000000, 0x0000000800000000)
  region size 4096K, 11 young (45056K), 11 survivors (45056K)
 Metaspace       used 190346K, committed 191808K, reserved 1245184K
  class space    used 24278K, committed 24960K, reserved 1048576K
}
Event: 416.959 GC heap before
{Heap before GC invocations=172 (full 0):
 garbage-first heap   total 1081344K, used 925696K [0x0000000600000000, 0x0000000800000000)
  region size 4096K, 138 young (565248K), 11 survivors (45056K)
 Metaspace       used 190347K, committed 191808K, reserved 1245184K
  class space    used 24278K, committed 24960K, reserved 1048576K
}
Event: 416.984 GC heap after
{Heap after GC invocations=173 (full 0):
 garbage-first heap   total 1081344K, used 410538K [0x0000000600000000, 0x0000000800000000)
  region size 4096K, 9 young (36864K), 9 survivors (36864K)
 Metaspace       used 190347K, committed 191808K, reserved 1245184K
  class space    used 24278K, committed 24960K, reserved 1048576K
}
Event: 427.861 GC heap before
{Heap before GC invocations=173 (full 0):
 garbage-first heap   total 1081344K, used 930730K [0x0000000600000000, 0x0000000800000000)
  region size 4096K, 136 young (557056K), 9 survivors (36864K)
 Metaspace       used 190755K, committed 192192K, reserved 1245184K
  class space    used 24317K, committed 25024K, reserved 1048576K
}
Event: 427.879 GC heap after
{Heap after GC invocations=174 (full 0):
 garbage-first heap   total 1081344K, used 403872K [0x0000000600000000, 0x0000000800000000)
  region size 4096K, 7 young (28672K), 7 survivors (28672K)
 Metaspace       used 190755K, committed 192192K, reserved 1245184K
  class space    used 24317K, committed 25024K, reserved 1048576K
}
Event: 464.997 GC heap before
{Heap before GC invocations=174 (full 0):
 garbage-first heap   total 1081344K, used 928160K [0x0000000600000000, 0x0000000800000000)
  region size 4096K, 136 young (557056K), 7 survivors (28672K)
 Metaspace       used 191389K, committed 192960K, reserved 1245184K
  class space    used 24391K, committed 25088K, reserved 1048576K
}
Event: 465.033 GC heap after
{Heap after GC invocations=175 (full 0):
 garbage-first heap   total 1081344K, used 429572K [0x0000000600000000, 0x0000000800000000)
  region size 4096K, 13 young (53248K), 13 survivors (53248K)
 Metaspace       used 191389K, committed 192960K, reserved 1245184K
  class space    used 24391K, committed 25088K, reserved 1048576K
}
Event: 467.149 GC heap before
{Heap before GC invocations=175 (full 0):
 garbage-first heap   total 1081344K, used 912900K [0x0000000600000000, 0x0000000800000000)
  region size 4096K, 132 young (540672K), 13 survivors (53248K)
 Metaspace       used 191393K, committed 192960K, reserved 1245184K
  class space    used 24391K, committed 25088K, reserved 1048576K
}
Event: 467.180 GC heap after
{Heap after GC invocations=176 (full 0):
 garbage-first heap   total 1081344K, used 431797K [0x0000000600000000, 0x0000000800000000)
  region size 4096K, 10 young (40960K), 10 survivors (40960K)
 Metaspace       used 191393K, committed 192960K, reserved 1245184K
  class space    used 24391K, committed 25088K, reserved 1048576K
}
Event: 469.899 GC heap before
{Heap before GC invocations=176 (full 0):
 garbage-first heap   total 1081344K, used 923317K [0x0000000600000000, 0x0000000800000000)
  region size 4096K, 130 young (532480K), 10 survivors (40960K)
 Metaspace       used 191393K, committed 192960K, reserved 1245184K
  class space    used 24391K, committed 25088K, reserved 1048576K
}
Event: 469.921 GC heap after
{Heap after GC invocations=177 (full 0):
 garbage-first heap   total 1081344K, used 433583K [0x0000000600000000, 0x0000000800000000)
  region size 4096K, 10 young (40960K), 10 survivors (40960K)
 Metaspace       used 191393K, committed 192960K, reserved 1245184K
  class space    used 24391K, committed 25088K, reserved 1048576K
}
Event: 474.707 GC heap before
{Heap before GC invocations=177 (full 0):
 garbage-first heap   total 1081344K, used 925103K [0x0000000600000000, 0x0000000800000000)
  region size 4096K, 130 young (532480K), 10 survivors (40960K)
 Metaspace       used 191394K, committed 192960K, reserved 1245184K
  class space    used 24391K, committed 25088K, reserved 1048576K
}
Event: 474.727 GC heap after
{Heap after GC invocations=178 (full 0):
 garbage-first heap   total 1081344K, used 428073K [0x0000000600000000, 0x0000000800000000)
  region size 4096K, 9 young (36864K), 9 survivors (36864K)
 Metaspace       used 191394K, committed 192960K, reserved 1245184K
  class space    used 24391K, committed 25088K, reserved 1048576K
}

